[00:02:06] [Server thread/WARN]: Can't keep up! Is the server overloaded? Running 2057ms or 41 ticks behind
[00:02:25] [Server thread/WARN]: Can't keep up! Is the server overloaded? Running 3550ms or 71 ticks behind
[00:02:43] [Server thread/WARN]: Can't keep up! Is the server overloaded? Running 2942ms or 58 ticks behind
[00:02:44] [Server thread/WARN]: Mismatch in destroy block pos: ja{x=1173, y=97, z=-235} ja{x=1176, y=96, z=-233}
[00:03:00] [Server thread/WARN]: Can't keep up! Is the server overloaded? Running 2092ms or 41 ticks behind
[00:03:17] [Server thread/WARN]: Can't keep up! Is the server overloaded? Running 2235ms or 44 ticks behind
[00:03:34] [Server thread/WARN]: Can't keep up! Is the server overloaded? Running 2285ms or 45 ticks behind
[00:03:52] [Server thread/WARN]: Can't keep up! Is the server overloaded? Running 2182ms or 43 ticks behind
[00:04:09] [Server thread/WARN]: Can't keep up! Is the server overloaded? Running 2389ms or 47 ticks behind
[00:04:27] [Server thread/WARN]: Can't keep up! Is the server overloaded? Running 3323ms or 66 ticks behind
[00:04:45] [Server thread/WARN]: Can't keep up! Is the server overloaded? Running 3143ms or 62 ticks behind
[00:04:49] [Server thread/INFO]: Austinicko has made the advancement [Enchanter]
[00:05:12] [Server thread/WARN]: Can't keep up! Is the server overloaded? Running 2001ms or 40 ticks behind
[00:05:31] [Server thread/WARN]: Can't keep up! Is the server overloaded? Running 2052ms or 41 ticks behind
[00:05:50] [Server thread/WARN]: Can't keep up! Is the server overloaded? Running 3961ms or 79 ticks behind
[00:06:09] [Server thread/WARN]: Can't keep up! Is the server overloaded? Running 4112ms or 82 ticks behind
[00:06:28] [Server thread/WARN]: Can't keep up! Is the server overloaded? Running 4583ms or 91 ticks behind
[00:06:48] [Server thread/WARN]: Can't keep up! Is the server overloaded? Running 4415ms or 88 ticks behind
[00:07:08] [Server thread/WARN]: Can't keep up! Is the server overloaded? Running 4850ms or 97 ticks behind
[00:07:27] [Server thread/WARN]: Can't keep up! Is the server overloaded? Running 4749ms or 94 ticks behind
[00:07:47] [Server thread/WARN]: Can't keep up! Is the server overloaded? Running 4806ms or 96 ticks behind
[00:08:06] [Server thread/WARN]: Can't keep up! Is the server overloaded? Running 4370ms or 87 ticks behind
[00:08:26] [Server thread/WARN]: Can't keep up! Is the server overloaded? Running 4174ms or 83 ticks behind
[00:08:45] [Server thread/WARN]: Can't keep up! Is the server overloaded? Running 4423ms or 88 ticks behind
[00:09:04] [Server thread/WARN]: Can't keep up! Is the server overloaded? Running 4046ms or 80 ticks behind
[00:09:23] [Server thread/WARN]: Can't keep up! Is the server overloaded? Running 4232ms or 84 ticks behind
[00:09:42] [Server thread/WARN]: Can't keep up! Is the server overloaded? Running 4305ms or 86 ticks behind
[00:10:01] [Server thread/WARN]: Can't keep up! Is the server overloaded? Running 3747ms or 74 ticks behind
[00:10:20] [Server thread/WARN]: Can't keep up! Is the server overloaded? Running 3889ms or 77 ticks behind
[00:10:39] [Server thread/WARN]: Can't keep up! Is the server overloaded? Running 4448ms or 88 ticks behind
[00:11:02] [Server thread/WARN]: Can't keep up! Is the server overloaded? Running 7409ms or 148 ticks behind
[00:11:25] [Server thread/WARN]: Can't keep up! Is the server overloaded? Running 8288ms or 165 ticks behind
[00:11:45] [Server thread/INFO]: Ldc105 lost connection: Disconnected
[00:11:45] [Server thread/INFO]: Ldc105 left the game
[00:11:47] [Server thread/WARN]: Can't keep up! Is the server overloaded? Running 7130ms or 142 ticks behind
[00:12:10] [Server thread/WARN]: Can't keep up! Is the server overloaded? Running 8012ms or 160 ticks behind
[00:12:33] [Server thread/WARN]: Can't keep up! Is the server overloaded? Running 8097ms or 161 ticks behind
[00:12:57] [Server thread/WARN]: Can't keep up! Is the server overloaded? Running 8612ms or 172 ticks behind
[00:13:21] [Server thread/WARN]: Can't keep up! Is the server overloaded? Running 8912ms or 178 ticks behind
[00:13:44] [Server thread/WARN]: Can't keep up! Is the server overloaded? Running 8496ms or 169 ticks behind
[00:14:08] [Server thread/WARN]: Can't keep up! Is the server overloaded? Running 8519ms or 170 ticks behind
[00:14:31] [Server thread/WARN]: Can't keep up! Is the server overloaded? Running 8320ms or 166 ticks behind
[00:14:54] [Server thread/WARN]: Can't keep up! Is the server overloaded? Running 8550ms or 171 ticks behind
[00:16:42] [Server thread/INFO]: Austinicko lost connection: Disconnected
[00:16:42] [Server thread/INFO]: Austinicko left the game
[00:17:42] [Server thread/INFO]: Server empty for 60 seconds, pausing
[10:58:13] [Server thread/INFO]: CorneliusTheCrab (/127.6.97.179:55889) lost connection: Disconnected
[10:58:16] [User Authenticator #46/INFO]: UUID of player CorneliusTheCrab is c2d99d5a-300d-4c63-a7c2-abb145cd04db
[10:58:17] [Server thread/INFO]: CorneliusTheCrab[/127.6.97.179:55901] logged in with entity id 569997 at (1027.3519555756682, 75.0, -504.30000001192093)
[10:58:17] [Server thread/INFO]: CorneliusTheCrab joined the game
[11:00:11] [Server thread/INFO]: CorneliusTheCrab lost connection: Disconnected
[11:00:11] [Server thread/INFO]: CorneliusTheCrab left the game
[11:01:11] [Server thread/INFO]: Server empty for 60 seconds, pausing
[14:59:14] [Server thread/INFO]: Stopping server
[14:59:14] [Server thread/INFO]: Saving players
[14:59:14] [Server thread/INFO]: Saving worlds
[14:59:14] [Server thread/INFO]: Saving chunks for level 'ServerLevel[world]'/minecraft:overworld
[14:59:14] [Server thread/INFO]: Saving chunks for level 'ServerLevel[world]'/minecraft:the_nether
[14:59:14] [Server thread/INFO]: Saving chunks for level 'ServerLevel[world]'/minecraft:the_end
[14:59:14] [Server thread/INFO]: ThreadedAnvilChunkStorage (world): All chunks are saved
[14:59:14] [Server thread/INFO]: ThreadedAnvilChunkStorage (DIM-1): All chunks are saved
[14:59:14] [Server thread/INFO]: ThreadedAnvilChunkStorage (DIM1): All chunks are saved
[14:59:14] [Server thread/INFO]: ThreadedAnvilChunkStorage: All dimensions are saved
